{"C:\\Users\\user\\Documents\\GitHub\\Student\\FandB\\KR_5\\social-feed\\backend\\src\\lib\\auth.js": {"path":"C:\\Users\\user\\Documents\\GitHub\\Student\\FandB\\KR_5\\social-feed\\backend\\src\\lib\\auth.js","statementMap":{"0":{"start":{"line":1,"column":12},"end":{"line":1,"column":35}},"1":{"start":{"line":4,"column":2},"end":{"line":8,"column":4}},"2":{"start":{"line":12,"column":2},"end":{"line":12,"column":84}},"3":{"start":{"line":16,"column":2},"end":{"line":16,"column":35}},"4":{"start":{"line":20,"column":2},"end":{"line":20,"column":57}},"5":{"start":{"line":20,"column":45},"end":{"line":20,"column":57}},"6":{"start":{"line":21,"column":26},"end":{"line":21,"column":43}},"7":{"start":{"line":22,"column":2},"end":{"line":22,"column":49}},"8":{"start":{"line":22,"column":37},"end":{"line":22,"column":49}},"9":{"start":{"line":23,"column":2},"end":{"line":23,"column":15}},"10":{"start":{"line":27,"column":2},"end":{"line":27,"column":41}},"11":{"start":{"line":30,"column":0},"end":{"line":36,"column":2}}},"fnMap":{"0":{"name":"signAccessToken","decl":{"start":{"line":3,"column":9},"end":{"line":3,"column":24}},"loc":{"start":{"line":3,"column":58},"end":{"line":9,"column":1}},"line":3},"1":{"name":"signRefreshToken","decl":{"start":{"line":11,"column":9},"end":{"line":11,"column":25}},"loc":{"start":{"line":11,"column":58},"end":{"line":13,"column":1}},"line":11},"2":{"name":"verifyToken","decl":{"start":{"line":15,"column":9},"end":{"line":15,"column":20}},"loc":{"start":{"line":15,"column":36},"end":{"line":17,"column":1}},"line":15},"3":{"name":"extractBearerToken","decl":{"start":{"line":19,"column":9},"end":{"line":19,"column":27}},"loc":{"start":{"line":19,"column":36},"end":{"line":24,"column":1}},"line":19},"4":{"name":"roleAllowed","decl":{"start":{"line":26,"column":9},"end":{"line":26,"column":20}},"loc":{"start":{"line":26,"column":45},"end":{"line":28,"column":1}},"line":26}},"branchMap":{"0":{"loc":{"start":{"line":3,"column":39},"end":{"line":3,"column":56}},"type":"default-arg","locations":[{"start":{"line":3,"column":51},"end":{"line":3,"column":56}}],"line":3},"1":{"loc":{"start":{"line":11,"column":40},"end":{"line":11,"column":56}},"type":"default-arg","locations":[{"start":{"line":11,"column":52},"end":{"line":11,"column":56}}],"line":11},"2":{"loc":{"start":{"line":20,"column":2},"end":{"line":20,"column":57}},"type":"if","locations":[{"start":{"line":20,"column":2},"end":{"line":20,"column":57}},{"start":{},"end":{}}],"line":20},"3":{"loc":{"start":{"line":20,"column":6},"end":{"line":20,"column":43}},"type":"binary-expr","locations":[{"start":{"line":20,"column":6},"end":{"line":20,"column":13}},{"start":{"line":20,"column":17},"end":{"line":20,"column":43}}],"line":20},"4":{"loc":{"start":{"line":22,"column":2},"end":{"line":22,"column":49}},"type":"if","locations":[{"start":{"line":22,"column":2},"end":{"line":22,"column":49}},{"start":{},"end":{}}],"line":22},"5":{"loc":{"start":{"line":22,"column":6},"end":{"line":22,"column":35}},"type":"binary-expr","locations":[{"start":{"line":22,"column":6},"end":{"line":22,"column":25}},{"start":{"line":22,"column":29},"end":{"line":22,"column":35}}],"line":22}},"s":{"0":2,"1":1,"2":1,"3":3,"4":3,"5":1,"6":2,"7":2,"8":1,"9":1,"10":4,"11":2},"f":{"0":1,"1":1,"2":3,"3":3,"4":4},"b":{"0":[0],"1":[1],"2":[1,2],"3":[3,2],"4":[1,1],"5":[2,1]},"_coverageSchema":"1a1c01bbd47fc00a2c39e90264f33305004495a9","hash":"19ab42b0f6e38eec9ad7b6950e5c35231cc9f2c9"}
,"C:\\Users\\user\\Documents\\GitHub\\Student\\FandB\\KR_5\\social-feed\\backend\\src\\lib\\cache.js": {"path":"C:\\Users\\user\\Documents\\GitHub\\Student\\FandB\\KR_5\\social-feed\\backend\\src\\lib\\cache.js","statementMap":{"0":{"start":{"line":1,"column":20},"end":{"line":1,"column":28}},"1":{"start":{"line":4,"column":2},"end":{"line":4,"column":66}},"2":{"start":{"line":8,"column":2},"end":{"line":8,"column":28}},"3":{"start":{"line":11,"column":0},"end":{"line":15,"column":2}}},"fnMap":{"0":{"name":"feedCacheKey","decl":{"start":{"line":3,"column":9},"end":{"line":3,"column":21}},"loc":{"start":{"line":3,"column":46},"end":{"line":5,"column":1}},"line":3},"1":{"name":"bumpFeedVersion","decl":{"start":{"line":7,"column":9},"end":{"line":7,"column":24}},"loc":{"start":{"line":7,"column":34},"end":{"line":9,"column":1}},"line":7}},"branchMap":{"0":{"loc":{"start":{"line":4,"column":37},"end":{"line":4,"column":54}},"type":"binary-expr","locations":[{"start":{"line":4,"column":37},"end":{"line":4,"column":43}},{"start":{"line":4,"column":47},"end":{"line":4,"column":54}}],"line":4},"1":{"loc":{"start":{"line":8,"column":10},"end":{"line":8,"column":22}},"type":"binary-expr","locations":[{"start":{"line":8,"column":10},"end":{"line":8,"column":17}},{"start":{"line":8,"column":21},"end":{"line":8,"column":22}}],"line":8}},"s":{"0":1,"1":2,"2":2,"3":1},"f":{"0":2,"1":2},"b":{"0":[2,1],"1":[2,1]},"_coverageSchema":"1a1c01bbd47fc00a2c39e90264f33305004495a9","hash":"79c20cca0c114a9078b7f3cc553c4fa416cc73ec"}
,"C:\\Users\\user\\Documents\\GitHub\\Student\\FandB\\KR_5\\social-feed\\backend\\src\\lib\\validation.js": {"path":"C:\\Users\\user\\Documents\\GitHub\\Student\\FandB\\KR_5\\social-feed\\backend\\src\\lib\\validation.js","statementMap":{"0":{"start":{"line":1,"column":17},"end":{"line":1,"column":45}},"1":{"start":{"line":4,"column":2},"end":{"line":4,"column":62}},"2":{"start":{"line":8,"column":2},"end":{"line":8,"column":81}},"3":{"start":{"line":8,"column":32},"end":{"line":8,"column":81}},"4":{"start":{"line":9,"column":21},"end":{"line":9,"column":47}},"5":{"start":{"line":10,"column":2},"end":{"line":10,"column":79}},"6":{"start":{"line":10,"column":34},"end":{"line":10,"column":79}},"7":{"start":{"line":11,"column":2},"end":{"line":11,"column":41}},"8":{"start":{"line":15,"column":2},"end":{"line":15,"column":87}},"9":{"start":{"line":15,"column":35},"end":{"line":15,"column":87}},"10":{"start":{"line":16,"column":2},"end":{"line":16,"column":97}},"11":{"start":{"line":16,"column":27},"end":{"line":16,"column":97}},"12":{"start":{"line":17,"column":2},"end":{"line":17,"column":39}},"13":{"start":{"line":21,"column":2},"end":{"line":21,"column":87}},"14":{"start":{"line":21,"column":35},"end":{"line":21,"column":87}},"15":{"start":{"line":22,"column":18},"end":{"line":22,"column":33}},"16":{"start":{"line":23,"column":2},"end":{"line":25,"column":3}},"17":{"start":{"line":24,"column":4},"end":{"line":24,"column":68}},"18":{"start":{"line":26,"column":2},"end":{"line":26,"column":38}},"19":{"start":{"line":30,"column":2},"end":{"line":30,"column":85}},"20":{"start":{"line":30,"column":34},"end":{"line":30,"column":85}},"21":{"start":{"line":31,"column":18},"end":{"line":31,"column":32}},"22":{"start":{"line":32,"column":2},"end":{"line":32,"column":88}},"23":{"start":{"line":32,"column":29},"end":{"line":32,"column":88}},"24":{"start":{"line":33,"column":2},"end":{"line":33,"column":38}},"25":{"start":{"line":37,"column":12},"end":{"line":37,"column":25}},"26":{"start":{"line":38,"column":2},"end":{"line":38,"column":53}},"27":{"start":{"line":38,"column":37},"end":{"line":38,"column":53}},"28":{"start":{"line":39,"column":2},"end":{"line":39,"column":26}},"29":{"start":{"line":43,"column":2},"end":{"line":43,"column":73}},"30":{"start":{"line":43,"column":61},"end":{"line":43,"column":73}},"31":{"start":{"line":44,"column":12},"end":{"line":44,"column":25}},"32":{"start":{"line":45,"column":2},"end":{"line":45,"column":49}},"33":{"start":{"line":45,"column":37},"end":{"line":45,"column":49}},"34":{"start":{"line":46,"column":2},"end":{"line":46,"column":11}},"35":{"start":{"line":49,"column":0},"end":{"line":58,"column":2}}},"fnMap":{"0":{"name":"isNonEmptyString","decl":{"start":{"line":3,"column":9},"end":{"line":3,"column":25}},"loc":{"start":{"line":3,"column":33},"end":{"line":5,"column":1}},"line":3},"1":{"name":"validateEmail","decl":{"start":{"line":7,"column":9},"end":{"line":7,"column":22}},"loc":{"start":{"line":7,"column":30},"end":{"line":12,"column":1}},"line":7},"2":{"name":"validatePassword","decl":{"start":{"line":14,"column":9},"end":{"line":14,"column":25}},"loc":{"start":{"line":14,"column":36},"end":{"line":18,"column":1}},"line":14},"3":{"name":"validateUsername","decl":{"start":{"line":20,"column":9},"end":{"line":20,"column":25}},"loc":{"start":{"line":20,"column":36},"end":{"line":27,"column":1}},"line":20},"4":{"name":"validatePostContent","decl":{"start":{"line":29,"column":9},"end":{"line":29,"column":28}},"loc":{"start":{"line":29,"column":38},"end":{"line":34,"column":1}},"line":29},"5":{"name":"parsePositiveInt","decl":{"start":{"line":36,"column":9},"end":{"line":36,"column":25}},"loc":{"start":{"line":36,"column":54},"end":{"line":40,"column":1}},"line":36},"6":{"name":"parseCursor","decl":{"start":{"line":42,"column":9},"end":{"line":42,"column":20}},"loc":{"start":{"line":42,"column":28},"end":{"line":47,"column":1}},"line":42}},"branchMap":{"0":{"loc":{"start":{"line":4,"column":9},"end":{"line":4,"column":61}},"type":"binary-expr","locations":[{"start":{"line":4,"column":9},"end":{"line":4,"column":34}},{"start":{"line":4,"column":38},"end":{"line":4,"column":61}}],"line":4},"1":{"loc":{"start":{"line":8,"column":2},"end":{"line":8,"column":81}},"type":"if","locations":[{"start":{"line":8,"column":2},"end":{"line":8,"column":81}},{"start":{},"end":{}}],"line":8},"2":{"loc":{"start":{"line":10,"column":2},"end":{"line":10,"column":79}},"type":"if","locations":[{"start":{"line":10,"column":2},"end":{"line":10,"column":79}},{"start":{},"end":{}}],"line":10},"3":{"loc":{"start":{"line":15,"column":2},"end":{"line":15,"column":87}},"type":"if","locations":[{"start":{"line":15,"column":2},"end":{"line":15,"column":87}},{"start":{},"end":{}}],"line":15},"4":{"loc":{"start":{"line":16,"column":2},"end":{"line":16,"column":97}},"type":"if","locations":[{"start":{"line":16,"column":2},"end":{"line":16,"column":97}},{"start":{},"end":{}}],"line":16},"5":{"loc":{"start":{"line":21,"column":2},"end":{"line":21,"column":87}},"type":"if","locations":[{"start":{"line":21,"column":2},"end":{"line":21,"column":87}},{"start":{},"end":{}}],"line":21},"6":{"loc":{"start":{"line":23,"column":2},"end":{"line":25,"column":3}},"type":"if","locations":[{"start":{"line":23,"column":2},"end":{"line":25,"column":3}},{"start":{},"end":{}}],"line":23},"7":{"loc":{"start":{"line":23,"column":6},"end":{"line":23,"column":47}},"type":"binary-expr","locations":[{"start":{"line":23,"column":6},"end":{"line":23,"column":24}},{"start":{"line":23,"column":28},"end":{"line":23,"column":47}}],"line":23},"8":{"loc":{"start":{"line":30,"column":2},"end":{"line":30,"column":85}},"type":"if","locations":[{"start":{"line":30,"column":2},"end":{"line":30,"column":85}},{"start":{},"end":{}}],"line":30},"9":{"loc":{"start":{"line":32,"column":2},"end":{"line":32,"column":88}},"type":"if","locations":[{"start":{"line":32,"column":2},"end":{"line":32,"column":88}},{"start":{},"end":{}}],"line":32},"10":{"loc":{"start":{"line":36,"column":43},"end":{"line":36,"column":52}},"type":"default-arg","locations":[{"start":{"line":36,"column":49},"end":{"line":36,"column":52}}],"line":36},"11":{"loc":{"start":{"line":38,"column":2},"end":{"line":38,"column":53}},"type":"if","locations":[{"start":{"line":38,"column":2},"end":{"line":38,"column":53}},{"start":{},"end":{}}],"line":38},"12":{"loc":{"start":{"line":38,"column":6},"end":{"line":38,"column":35}},"type":"binary-expr","locations":[{"start":{"line":38,"column":6},"end":{"line":38,"column":26}},{"start":{"line":38,"column":30},"end":{"line":38,"column":35}}],"line":38},"13":{"loc":{"start":{"line":43,"column":2},"end":{"line":43,"column":73}},"type":"if","locations":[{"start":{"line":43,"column":2},"end":{"line":43,"column":73}},{"start":{},"end":{}}],"line":43},"14":{"loc":{"start":{"line":43,"column":6},"end":{"line":43,"column":59}},"type":"binary-expr","locations":[{"start":{"line":43,"column":6},"end":{"line":43,"column":25}},{"start":{"line":43,"column":29},"end":{"line":43,"column":43}},{"start":{"line":43,"column":47},"end":{"line":43,"column":59}}],"line":43},"15":{"loc":{"start":{"line":45,"column":2},"end":{"line":45,"column":49}},"type":"if","locations":[{"start":{"line":45,"column":2},"end":{"line":45,"column":49}},{"start":{},"end":{}}],"line":45},"16":{"loc":{"start":{"line":45,"column":6},"end":{"line":45,"column":35}},"type":"binary-expr","locations":[{"start":{"line":45,"column":6},"end":{"line":45,"column":26}},{"start":{"line":45,"column":30},"end":{"line":45,"column":35}}],"line":45}},"s":{"0":1,"1":11,"2":3,"3":0,"4":3,"5":3,"6":1,"7":2,"8":2,"9":0,"10":2,"11":1,"12":1,"13":2,"14":0,"15":2,"16":2,"17":1,"18":1,"19":2,"20":1,"21":1,"22":1,"23":0,"24":1,"25":3,"26":3,"27":1,"28":2,"29":3,"30":1,"31":2,"32":2,"33":1,"34":1,"35":1},"f":{"0":11,"1":3,"2":2,"3":2,"4":2,"5":3,"6":3},"b":{"0":[11,11],"1":[0,3],"2":[1,2],"3":[0,2],"4":[1,1],"5":[0,2],"6":[1,1],"7":[2,1],"8":[1,1],"9":[0,1],"10":[2],"11":[1,2],"12":[3,2],"13":[1,2],"14":[3,3,3],"15":[1,1],"16":[2,1]},"_coverageSchema":"1a1c01bbd47fc00a2c39e90264f33305004495a9","hash":"abf7f34382aae30fc1e4f2087863524b3653795b"}
,"C:\\Users\\user\\Documents\\GitHub\\Student\\FandB\\KR_5\\social-feed\\backend\\src\\middleware\\auth.js": {"path":"C:\\Users\\user\\Documents\\GitHub\\Student\\FandB\\KR_5\\social-feed\\backend\\src\\middleware\\auth.js","statementMap":{"0":{"start":{"line":1,"column":17},"end":{"line":1,"column":33}},"1":{"start":{"line":2,"column":57},"end":{"line":2,"column":79}},"2":{"start":{"line":5,"column":2},"end":{"line":27,"column":4}},"3":{"start":{"line":6,"column":18},"end":{"line":6,"column":63}},"4":{"start":{"line":7,"column":4},"end":{"line":7,"column":87}},"5":{"start":{"line":7,"column":16},"end":{"line":7,"column":87}},"6":{"start":{"line":9,"column":4},"end":{"line":26,"column":5}},"7":{"start":{"line":10,"column":22},"end":{"line":10,"column":54}},"8":{"start":{"line":11,"column":21},"end":{"line":14,"column":7}},"9":{"start":{"line":15,"column":19},"end":{"line":15,"column":33}},"10":{"start":{"line":16,"column":6},"end":{"line":16,"column":74}},"11":{"start":{"line":16,"column":17},"end":{"line":16,"column":74}},"12":{"start":{"line":17,"column":6},"end":{"line":22,"column":8}},"13":{"start":{"line":23,"column":6},"end":{"line":23,"column":20}},"14":{"start":{"line":25,"column":6},"end":{"line":25,"column":73}},"15":{"start":{"line":31,"column":2},"end":{"line":37,"column":4}},"16":{"start":{"line":32,"column":4},"end":{"line":32,"column":74}},"17":{"start":{"line":32,"column":19},"end":{"line":32,"column":74}},"18":{"start":{"line":33,"column":4},"end":{"line":35,"column":5}},"19":{"start":{"line":34,"column":6},"end":{"line":34,"column":58}},"20":{"start":{"line":36,"column":4},"end":{"line":36,"column":18}},"21":{"start":{"line":40,"column":0},"end":{"line":40,"column":58}}},"fnMap":{"0":{"name":"createAuthMiddleware","decl":{"start":{"line":4,"column":9},"end":{"line":4,"column":29}},"loc":{"start":{"line":4,"column":48},"end":{"line":28,"column":1}},"line":4},"1":{"name":"authMiddleware","decl":{"start":{"line":5,"column":24},"end":{"line":5,"column":38}},"loc":{"start":{"line":5,"column":55},"end":{"line":27,"column":3}},"line":5},"2":{"name":"roleMiddleware","decl":{"start":{"line":30,"column":9},"end":{"line":30,"column":23}},"loc":{"start":{"line":30,"column":38},"end":{"line":38,"column":1}},"line":30},"3":{"name":"(anonymous_3)","decl":{"start":{"line":31,"column":9},"end":{"line":31,"column":10}},"loc":{"start":{"line":31,"column":29},"end":{"line":37,"column":3}},"line":31}},"branchMap":{"0":{"loc":{"start":{"line":7,"column":4},"end":{"line":7,"column":87}},"type":"if","locations":[{"start":{"line":7,"column":4},"end":{"line":7,"column":87}},{"start":{},"end":{}}],"line":7},"1":{"loc":{"start":{"line":16,"column":6},"end":{"line":16,"column":74}},"type":"if","locations":[{"start":{"line":16,"column":6},"end":{"line":16,"column":74}},{"start":{},"end":{}}],"line":16},"2":{"loc":{"start":{"line":32,"column":4},"end":{"line":32,"column":74}},"type":"if","locations":[{"start":{"line":32,"column":4},"end":{"line":32,"column":74}},{"start":{},"end":{}}],"line":32},"3":{"loc":{"start":{"line":33,"column":4},"end":{"line":35,"column":5}},"type":"if","locations":[{"start":{"line":33,"column":4},"end":{"line":35,"column":5}},{"start":{},"end":{}}],"line":33}},"s":{"0":1,"1":1,"2":0,"3":0,"4":0,"5":0,"6":0,"7":0,"8":0,"9":0,"10":0,"11":0,"12":0,"13":0,"14":0,"15":3,"16":3,"17":1,"18":2,"19":1,"20":1,"21":1},"f":{"0":0,"1":0,"2":3,"3":3},"b":{"0":[0,0],"1":[0,0],"2":[1,2],"3":[1,1]},"_coverageSchema":"1a1c01bbd47fc00a2c39e90264f33305004495a9","hash":"6a5f763a3b82b990d65dc1ac39664b51e8b88c39"}
}
