TN:
SF:src\lib\auth.js
FN:3,signAccessToken
FN:11,signRefreshToken
FN:15,verifyToken
FN:19,extractBearerToken
FN:26,roleAllowed
FNF:5
FNH:5
FNDA:1,signAccessToken
FNDA:1,signRefreshToken
FNDA:3,verifyToken
FNDA:3,extractBearerToken
FNDA:4,roleAllowed
DA:1,2
DA:4,1
DA:12,1
DA:16,3
DA:20,3
DA:21,2
DA:22,2
DA:23,1
DA:27,4
DA:30,2
LF:10
LH:10
BRDA:3,0,0,0
BRDA:11,1,0,1
BRDA:20,2,0,1
BRDA:20,2,1,2
BRDA:20,3,0,3
BRDA:20,3,1,2
BRDA:22,4,0,1
BRDA:22,4,1,1
BRDA:22,5,0,2
BRDA:22,5,1,1
BRF:10
BRH:9
end_of_record
TN:
SF:src\lib\cache.js
FN:3,feedCacheKey
FN:7,bumpFeedVersion
FNF:2
FNH:2
FNDA:2,feedCacheKey
FNDA:2,bumpFeedVersion
DA:1,1
DA:4,2
DA:8,2
DA:11,1
LF:4
LH:4
BRDA:4,0,0,2
BRDA:4,0,1,1
BRDA:8,1,0,2
BRDA:8,1,1,1
BRF:4
BRH:4
end_of_record
TN:
SF:src\lib\validation.js
FN:3,isNonEmptyString
FN:7,validateEmail
FN:14,validatePassword
FN:20,validateUsername
FN:29,validatePostContent
FN:36,parsePositiveInt
FN:42,parseCursor
FNF:7
FNH:7
FNDA:11,isNonEmptyString
FNDA:3,validateEmail
FNDA:2,validatePassword
FNDA:2,validateUsername
FNDA:2,validatePostContent
FNDA:3,parsePositiveInt
FNDA:3,parseCursor
DA:1,1
DA:4,11
DA:8,3
DA:9,3
DA:10,3
DA:11,2
DA:15,2
DA:16,2
DA:17,1
DA:21,2
DA:22,2
DA:23,2
DA:24,1
DA:26,1
DA:30,2
DA:31,1
DA:32,1
DA:33,1
DA:37,3
DA:38,3
DA:39,2
DA:43,3
DA:44,2
DA:45,2
DA:46,1
DA:49,1
LF:26
LH:26
BRDA:4,0,0,11
BRDA:4,0,1,11
BRDA:8,1,0,0
BRDA:8,1,1,3
BRDA:10,2,0,1
BRDA:10,2,1,2
BRDA:15,3,0,0
BRDA:15,3,1,2
BRDA:16,4,0,1
BRDA:16,4,1,1
BRDA:21,5,0,0
BRDA:21,5,1,2
BRDA:23,6,0,1
BRDA:23,6,1,1
BRDA:23,7,0,2
BRDA:23,7,1,1
BRDA:30,8,0,1
BRDA:30,8,1,1
BRDA:32,9,0,0
BRDA:32,9,1,1
BRDA:36,10,0,2
BRDA:38,11,0,1
BRDA:38,11,1,2
BRDA:38,12,0,3
BRDA:38,12,1,2
BRDA:43,13,0,1
BRDA:43,13,1,2
BRDA:43,14,0,3
BRDA:43,14,1,3
BRDA:43,14,2,3
BRDA:45,15,0,1
BRDA:45,15,1,1
BRDA:45,16,0,2
BRDA:45,16,1,1
BRF:34
BRH:30
end_of_record
TN:
SF:src\middleware\auth.js
FN:4,createAuthMiddleware
FN:5,authMiddleware
FN:30,roleMiddleware
FN:31,(anonymous_3)
FNF:4
FNH:2
FNDA:0,createAuthMiddleware
FNDA:0,authMiddleware
FNDA:3,roleMiddleware
FNDA:3,(anonymous_3)
DA:1,1
DA:2,1
DA:5,0
DA:6,0
DA:7,0
DA:9,0
DA:10,0
DA:11,0
DA:15,0
DA:16,0
DA:17,0
DA:23,0
DA:25,0
DA:31,3
DA:32,3
DA:33,2
DA:34,1
DA:36,1
DA:40,1
LF:19
LH:8
BRDA:7,0,0,0
BRDA:7,0,1,0
BRDA:16,1,0,0
BRDA:16,1,1,0
BRDA:32,2,0,1
BRDA:32,2,1,2
BRDA:33,3,0,1
BRDA:33,3,1,1
BRF:8
BRH:4
end_of_record
